<?xml version="1.0" encoding="UTF-8"?>
<!-- Generated by org.testng.reporters.JUnitReportReporter -->
<testsuite hostname="Trollet" name="com.KvadratTest.KvadratTest.NewTest" tests="2" failures="0" timestamp="28 Apr 2014 16:56:14 GMT" time="34.018" errors="0">
  <testcase name="LoginValidUser" time="34.012" classname="com.KvadratTest.KvadratTest.NewTest"/>
  <testcase name="f" time="0.006" classname="com.KvadratTest.KvadratTest.NewTest"/>
</testsuite> <!-- com.KvadratTest.KvadratTest.NewTest -->
