<?xml version="1.0" encoding="UTF-8"?>
<!-- Generated by org.testng.reporters.JUnitReportReporter -->
<testsuite hostname="Trollet" name="com.KvadratTest.KvadratTest.NewTest" tests="2" failures="0" timestamp="1 May 2014 23:05:19 GMT" time="45,069" errors="0">
  <testcase name="LoginValidUser" time="45,068" classname="com.KvadratTest.KvadratTest.NewTest"/>
  <testcase name="f" time="0,001" classname="com.KvadratTest.KvadratTest.NewTest"/>
</testsuite>
